Replace Part C1 C3216X5R1H475K160AB in E:\Projects\PCB_Projects\ISL6236A Power Supply\ISL6236A_Altium_Practice\ISL6236A_PS_V1_1\ISL6236A_PS.SchDoc with C3216X5R1H475K160AB from ISL6236A_PS.SchLib
Replace Part C2 C0805C105K5RACTU in E:\Projects\PCB_Projects\ISL6236A Power Supply\ISL6236A_Altium_Practice\ISL6236A_PS_V1_1\ISL6236A_PS.SchDoc with C0805C105K5RACTU from ISL6236A_PS.SchLib
Replace Part C3 C0805C105K5RACTU in E:\Projects\PCB_Projects\ISL6236A Power Supply\ISL6236A_Altium_Practice\ISL6236A_PS_V1_1\ISL6236A_PS.SchDoc with C0805C105K5RACTU from ISL6236A_PS.SchLib
Replace Part C4 C0805C105K5RACTU in E:\Projects\PCB_Projects\ISL6236A Power Supply\ISL6236A_Altium_Practice\ISL6236A_PS_V1_1\ISL6236A_PS.SchDoc with C0805C105K5RACTU from ISL6236A_PS.SchLib
Replace Part C5 C1210C106K6PACTU in E:\Projects\PCB_Projects\ISL6236A Power Supply\ISL6236A_Altium_Practice\ISL6236A_PS_V1_1\ISL6236A_PS.SchDoc with C1210C106K6PACTU from ISL6236A_PS.SchLib
Replace Part C6 C1210C106K6PACTU in E:\Projects\PCB_Projects\ISL6236A Power Supply\ISL6236A_Altium_Practice\ISL6236A_PS_V1_1\ISL6236A_PS.SchDoc with C1210C106K6PACTU from ISL6236A_PS.SchLib
Replace Part C7 C0805C104K5RACTU in E:\Projects\PCB_Projects\ISL6236A Power Supply\ISL6236A_Altium_Practice\ISL6236A_PS_V1_1\ISL6236A_PS.SchDoc with C0805C104K5RACTU from ISL6236A_PS.SchLib
Replace Part C8 C0805C224K5RACTU in E:\Projects\PCB_Projects\ISL6236A Power Supply\ISL6236A_Altium_Practice\ISL6236A_PS_V1_1\ISL6236A_PS.SchDoc with C0805C224K5RACTU from ISL6236A_PS.SchLib
Replace Part C9 T530X337M010ATE004 in E:\Projects\PCB_Projects\ISL6236A Power Supply\ISL6236A_Altium_Practice\ISL6236A_PS_V1_1\ISL6236A_PS.SchDoc with T530X337M010ATE004 from ISL6236A_PS.SchLib
Replace Part C10 T530X337M010ATE004 in E:\Projects\PCB_Projects\ISL6236A Power Supply\ISL6236A_Altium_Practice\ISL6236A_PS_V1_1\ISL6236A_PS.SchDoc with T530X337M010ATE004 from ISL6236A_PS.SchLib
Replace Part C11 C0805F103K5RACTU in E:\Projects\PCB_Projects\ISL6236A Power Supply\ISL6236A_Altium_Practice\ISL6236A_PS_V1_1\ISL6236A_PS.SchDoc with C0805F103K5RACTU from ISL6236A_PS.SchLib
Replace Part C12 C0805C104K5RACTU in E:\Projects\PCB_Projects\ISL6236A Power Supply\ISL6236A_Altium_Practice\ISL6236A_PS_V1_1\ISL6236A_PS.SchDoc with C0805C104K5RACTU from ISL6236A_PS.SchLib
Replace Part J1 PAD_WITH_HOLE_4MMx1MM5 in E:\Projects\PCB_Projects\ISL6236A Power Supply\ISL6236A_Altium_Practice\ISL6236A_PS_V1_1\ISL6236A_PS.SchDoc with PAD_WITH_HOLE_4MMx1MM5 from ISL6236A_PS.SchLib
Replace Part J2 PAD_WITH_HOLE_4MMx1MM5 in E:\Projects\PCB_Projects\ISL6236A Power Supply\ISL6236A_Altium_Practice\ISL6236A_PS_V1_1\ISL6236A_PS.SchDoc with PAD_WITH_HOLE_4MMx1MM5 from ISL6236A_PS.SchLib
Replace Part J3 PAD_WITH_HOLE_4MMx1MM5 in E:\Projects\PCB_Projects\ISL6236A Power Supply\ISL6236A_Altium_Practice\ISL6236A_PS_V1_1\ISL6236A_PS.SchDoc with PAD_WITH_HOLE_4MMx1MM5 from ISL6236A_PS.SchLib
Replace Part J4 PAD_WITH_HOLE_4MMx1MM5 in E:\Projects\PCB_Projects\ISL6236A Power Supply\ISL6236A_Altium_Practice\ISL6236A_PS_V1_1\ISL6236A_PS.SchDoc with PAD_WITH_HOLE_4MMx1MM5 from ISL6236A_PS.SchLib
Replace Part J5 PAD_WITH_HOLE_4MMx1MM5 in E:\Projects\PCB_Projects\ISL6236A Power Supply\ISL6236A_Altium_Practice\ISL6236A_PS_V1_1\ISL6236A_PS.SchDoc with PAD_WITH_HOLE_4MMx1MM5 from ISL6236A_PS.SchLib
Replace Part J6 PAD_WITH_HOLE_4MMx1MM5 in E:\Projects\PCB_Projects\ISL6236A Power Supply\ISL6236A_Altium_Practice\ISL6236A_PS_V1_1\ISL6236A_PS.SchDoc with PAD_WITH_HOLE_4MMx1MM5 from ISL6236A_PS.SchLib
Replace Part L1 DR125-3R3-R in E:\Projects\PCB_Projects\ISL6236A Power Supply\ISL6236A_Altium_Practice\ISL6236A_PS_V1_1\ISL6236A_PS.SchDoc with DR125-3R3-R from ISL6236A_PS.SchLib
Replace Part L2 DR125-2R2-R in E:\Projects\PCB_Projects\ISL6236A Power Supply\ISL6236A_Altium_Practice\ISL6236A_PS_V1_1\ISL6236A_PS.SchDoc with DR125-2R2-R from ISL6236A_PS.SchLib
Replace Part Q1 SI4816BDY-T1-E3 in E:\Projects\PCB_Projects\ISL6236A Power Supply\ISL6236A_Altium_Practice\ISL6236A_PS_V1_1\ISL6236A_PS.SchDoc with SI4816BDY-T1-E3 from ISL6236A_PS.SchLib
Replace Part Q2 SI4816BDY-T1-E3 in E:\Projects\PCB_Projects\ISL6236A Power Supply\ISL6236A_Altium_Practice\ISL6236A_PS_V1_1\ISL6236A_PS.SchDoc with SI4816BDY-T1-E3 from ISL6236A_PS.SchLib
Replace Part R1 AC0805JR-070RL in E:\Projects\PCB_Projects\ISL6236A Power Supply\ISL6236A_Altium_Practice\ISL6236A_PS_V1_1\ISL6236A_PS.SchDoc with AC0805JR-070RL from ISL6236A_PS.SchLib
Replace Part R2 AC0805JR-070RL in E:\Projects\PCB_Projects\ISL6236A Power Supply\ISL6236A_Altium_Practice\ISL6236A_PS_V1_1\ISL6236A_PS.SchDoc with AC0805JR-070RL from ISL6236A_PS.SchLib
Replace Part R3 AC0805FR-0710RL in E:\Projects\PCB_Projects\ISL6236A Power Supply\ISL6236A_Altium_Practice\ISL6236A_PS_V1_1\ISL6236A_PS.SchDoc with AC0805FR-0710RL from ISL6236A_PS.SchLib
Replace Part R4 AC0805FR-071RL in E:\Projects\PCB_Projects\ISL6236A Power Supply\ISL6236A_Altium_Practice\ISL6236A_PS_V1_1\ISL6236A_PS.SchDoc with AC0805FR-071RL from ISL6236A_PS.SchLib
Replace Part R5 AC0805FR-071RL in E:\Projects\PCB_Projects\ISL6236A Power Supply\ISL6236A_Altium_Practice\ISL6236A_PS_V1_1\ISL6236A_PS.SchDoc with AC0805FR-071RL from ISL6236A_PS.SchLib
Replace Part R6 AC0805FR-07200KL in E:\Projects\PCB_Projects\ISL6236A Power Supply\ISL6236A_Altium_Practice\ISL6236A_PS_V1_1\ISL6236A_PS.SchDoc with AC0805FR-07200KL from ISL6236A_PS.SchLib
Replace Part R7 AC0805FR-07200KL in E:\Projects\PCB_Projects\ISL6236A Power Supply\ISL6236A_Altium_Practice\ISL6236A_PS_V1_1\ISL6236A_PS.SchDoc with AC0805FR-07200KL from ISL6236A_PS.SchLib
Replace Part R8 AC0805FR-0710KL in E:\Projects\PCB_Projects\ISL6236A Power Supply\ISL6236A_Altium_Practice\ISL6236A_PS_V1_1\ISL6236A_PS.SchDoc with AC0805FR-0710KL from ISL6236A_PS.SchLib
Replace Part R9 AC0805FR-07200KL in E:\Projects\PCB_Projects\ISL6236A Power Supply\ISL6236A_Altium_Practice\ISL6236A_PS_V1_1\ISL6236A_PS.SchDoc with AC0805FR-07200KL from ISL6236A_PS.SchLib
Replace Part R10 AC0805FR-07200KL in E:\Projects\PCB_Projects\ISL6236A Power Supply\ISL6236A_Altium_Practice\ISL6236A_PS_V1_1\ISL6236A_PS.SchDoc with AC0805FR-07200KL from ISL6236A_PS.SchLib
Replace Part R11 AC0805FR-0710KL in E:\Projects\PCB_Projects\ISL6236A Power Supply\ISL6236A_Altium_Practice\ISL6236A_PS_V1_1\ISL6236A_PS.SchDoc with AC0805FR-0710KL from ISL6236A_PS.SchLib
Replace Part R12 RES General in E:\Projects\PCB_Projects\ISL6236A Power Supply\ISL6236A_Altium_Practice\ISL6236A_PS_V1_1\ISL6236A_PS.SchDoc with RES General from ISL6236A_PS.SchLib
Replace Part R13 AC0805JR-070RL in E:\Projects\PCB_Projects\ISL6236A Power Supply\ISL6236A_Altium_Practice\ISL6236A_PS_V1_1\ISL6236A_PS.SchDoc with AC0805JR-070RL from ISL6236A_PS.SchLib
Replace Part R14 RES General in E:\Projects\PCB_Projects\ISL6236A Power Supply\ISL6236A_Altium_Practice\ISL6236A_PS_V1_1\ISL6236A_PS.SchDoc with RES General from ISL6236A_PS.SchLib
Replace Part R15 AC0805JR-070RL in E:\Projects\PCB_Projects\ISL6236A Power Supply\ISL6236A_Altium_Practice\ISL6236A_PS_V1_1\ISL6236A_PS.SchDoc with AC0805JR-070RL from ISL6236A_PS.SchLib
Replace Part R16 RES General in E:\Projects\PCB_Projects\ISL6236A Power Supply\ISL6236A_Altium_Practice\ISL6236A_PS_V1_1\ISL6236A_PS.SchDoc with RES General from ISL6236A_PS.SchLib
Replace Part R17 RES General in E:\Projects\PCB_Projects\ISL6236A Power Supply\ISL6236A_Altium_Practice\ISL6236A_PS_V1_1\ISL6236A_PS.SchDoc with RES General from ISL6236A_PS.SchLib
Replace Part R18 RES General in E:\Projects\PCB_Projects\ISL6236A Power Supply\ISL6236A_Altium_Practice\ISL6236A_PS_V1_1\ISL6236A_PS.SchDoc with RES General from ISL6236A_PS.SchLib
Replace Part U1 ISL6236AIRZ in E:\Projects\PCB_Projects\ISL6236A Power Supply\ISL6236A_Altium_Practice\ISL6236A_PS_V1_1\ISL6236A_PS.SchDoc with ISL6236AIRZ from ISL6236A_PS.SchLib
